<?xml version="1.0" encoding="UTF-8"?>
<!-- Generated by org.testng.reporters.JUnitReportReporter -->
<testsuite hostname="LAPTOP-JPHJL68R" failures="0" tests="2" name="tests.GetAndPostExample" time="0.825" errors="0" timestamp="17 июл. 2022 17:24:59 GMT" skipped="0">
  <testcase classname="tests.GetAndPostExample" name="testPost" time="0.239"/>
  <testcase classname="tests.GetAndPostExample" name="testGet" time="0.586"/>
</testsuite> <!-- tests.GetAndPostExample -->
