<?xml version="1.0" encoding="UTF-8"?>
<!-- Generated by org.testng.reporters.JUnitReportReporter -->
<testsuite hostname="LAPTOP-JPHJL68R" failures="0" tests="1" name="tests.TestsExamples" time="1.454" errors="0" timestamp="17 июл. 2022 09:02:38 GMT" skipped="0">
  <testcase classname="tests.TestsExamples" name="test1" time="1.454"/>
</testsuite> <!-- tests.TestsExamples -->
