<?xml version="1.0" encoding="UTF-8"?>
<!-- Generated by org.testng.reporters.JUnitReportReporter -->
<testsuite hostname="LAPTOP-JPHJL68R" failures="0" tests="2" name="tests.TestsExamples" time="0.540" errors="0" timestamp="17 июл. 2022 17:24:59 GMT" skipped="0">
  <testcase classname="tests.TestsExamples" name="test1" time="0.111"/>
  <testcase classname="tests.TestsExamples" name="test_2" time="0.429"/>
</testsuite> <!-- tests.TestsExamples -->
