<?xml version="1.0" encoding="UTF-8"?>
<!-- Generated by org.testng.reporters.JUnitReportReporter -->
<testsuite hostname="LAPTOP-JPHJL68R" failures="0" tests="3" name="tests.PutPatchDeleteExamples" time="1.872" errors="0" timestamp="17 июл. 2022 17:24:59 GMT" skipped="0">
  <testcase classname="tests.PutPatchDeleteExamples" name="testPut" time="0.249"/>
  <testcase classname="tests.PutPatchDeleteExamples" name="testDelete" time="1.340"/>
  <testcase classname="tests.PutPatchDeleteExamples" name="testPatch" time="0.283"/>
</testsuite> <!-- tests.PutPatchDeleteExamples -->
