<?xml version="1.0" encoding="UTF-8"?>
<!-- Generated by org.testng.reporters.JUnitReportReporter -->
<testsuite hostname="LAPTOP-JPHJL68R" failures="0" tests="1" name="tests.TestsExamples" time="2.792" errors="0" timestamp="17 июл. 2022 16:21:06 GMT" skipped="0">
  <testcase classname="tests.TestsExamples" name="test_2" time="2.792"/>
</testsuite> <!-- tests.TestsExamples -->
