<?xml version="1.0" encoding="UTF-8"?>
<!-- Generated by org.testng.reporters.JUnitReportReporter -->
<testsuite hostname="LAPTOP-JPHJL68R" failures="0" tests="1" name="tests.PutPatchDeleteExamples" time="1.953" errors="0" timestamp="17 июл. 2022 17:17:51 GMT" skipped="0">
  <testcase classname="tests.PutPatchDeleteExamples" name="testPut" time="1.953"/>
</testsuite> <!-- tests.PutPatchDeleteExamples -->
