<?xml version="1.0" encoding="UTF-8"?>
<!-- Generated by org.testng.reporters.JUnitReportReporter -->
<testsuite hostname="LAPTOP-JPHJL68R" failures="0" tests="2" name="tests.TestsExamples" time="2.039" errors="0" timestamp="17 июл. 2022 09:14:42 GMT" skipped="0">
  <testcase classname="tests.TestsExamples" name="test1" time="1.894"/>
  <testcase classname="tests.TestsExamples" name="test_2" time="0.145"/>
</testsuite> <!-- tests.TestsExamples -->
