<?xml version="1.0" encoding="UTF-8"?>
<!-- Generated by org.testng.reporters.JUnitReportReporter -->
<testsuite hostname="LAPTOP-JPHJL68R" failures="0" tests="1" name="tests.GetAndPostExample" time="1.426" errors="0" timestamp="17 июл. 2022 17:03:14 GMT" skipped="0">
  <testcase classname="tests.GetAndPostExample" name="testPost" time="1.426"/>
</testsuite> <!-- tests.GetAndPostExample -->
