<?xml version="1.0" encoding="UTF-8"?>
<!-- Generated by org.testng.reporters.JUnitReportReporter -->
<testsuite hostname="LAPTOP-JPHJL68R" failures="0" tests="1" name="tests.GetAndPostExample" time="3.341" errors="0" timestamp="17 июл. 2022 16:40:49 GMT" skipped="0">
  <testcase classname="tests.GetAndPostExample" name="testGet" time="3.341"/>
</testsuite> <!-- tests.GetAndPostExample -->
