<?xml version="1.0" encoding="UTF-8"?>
<!-- Generated by org.testng.reporters.JUnitReportReporter -->
<testsuite hostname="LAPTOP-JPHJL68R" failures="0" tests="1" name="tests.PutPatchDeleteExamples" time="1.462" errors="0" timestamp="17 июл. 2022 17:19:58 GMT" skipped="0">
  <testcase classname="tests.PutPatchDeleteExamples" name="testPatch" time="1.462"/>
</testsuite> <!-- tests.PutPatchDeleteExamples -->
